<?xml version="1.0" encoding="UTF-8"?>
<coverage generated="1765651806559" clover="3.2.0">
  <project timestamp="1765651806559" name="All files">
    <metrics statements="126" coveredstatements="126" conditionals="31" coveredconditionals="31" methods="46" coveredmethods="46" elements="203" coveredelements="203" complexity="0" loc="126" ncloc="126" packages="2" files="5" classes="5"/>
    <package name="factory_method_2">
      <metrics statements="12" coveredstatements="12" conditionals="4" coveredconditionals="4" methods="6" coveredmethods="6"/>
      <file name="eventFactory.ts" path="/Users/gunkar/Documents/Coding/Design Patterns/src/factory_method_2/eventFactory.ts">
        <metrics statements="12" coveredstatements="12" conditionals="4" coveredconditionals="4" methods="6" coveredmethods="6"/>
        <line num="9" count="1" type="stmt"/>
        <line num="20" count="22" type="stmt"/>
        <line num="22" count="22" type="cond" truecount="4" falsecount="0"/>
        <line num="24" count="7" type="stmt"/>
        <line num="27" count="4" type="stmt"/>
        <line num="30" count="6" type="stmt"/>
        <line num="33" count="5" type="stmt"/>
        <line num="38" count="6" type="stmt"/>
        <line num="39" count="6" type="stmt"/>
        <line num="43" count="10" type="stmt"/>
        <line num="47" count="9" type="stmt"/>
        <line num="51" count="3" type="stmt"/>
      </file>
    </package>
    <package name="factory_method_2.events">
      <metrics statements="114" coveredstatements="114" conditionals="27" coveredconditionals="27" methods="40" coveredmethods="40"/>
      <file name="event.ts" path="/Users/gunkar/Documents/Coding/Design Patterns/src/factory_method_2/events/event.ts">
        <metrics statements="10" coveredstatements="10" conditionals="0" coveredconditionals="0" methods="6" coveredmethods="6"/>
        <line num="8" count="179" type="stmt"/>
        <line num="9" count="179" type="stmt"/>
        <line num="10" count="179" type="stmt"/>
        <line num="11" count="179" type="stmt"/>
        <line num="15" count="7" type="stmt"/>
        <line num="19" count="7" type="stmt"/>
        <line num="29" count="4" type="stmt"/>
        <line num="30" count="4" type="stmt"/>
        <line num="34" count="10" type="stmt"/>
        <line num="45" count="1" type="stmt"/>
      </file>
      <file name="testEvent.ts" path="/Users/gunkar/Documents/Coding/Design Patterns/src/factory_method_2/events/testEvent.ts">
        <metrics statements="39" coveredstatements="39" conditionals="8" coveredconditionals="8" methods="13" coveredmethods="13"/>
        <line num="3" count="2" type="stmt"/>
        <line num="5" count="2" type="cond" truecount="2" falsecount="0"/>
        <line num="6" count="2" type="stmt"/>
        <line num="7" count="2" type="stmt"/>
        <line num="8" count="2" type="stmt"/>
        <line num="9" count="2" type="stmt"/>
        <line num="10" count="2" type="stmt"/>
        <line num="13" count="2" type="cond" truecount="2" falsecount="0"/>
        <line num="14" count="2" type="stmt"/>
        <line num="15" count="2" type="stmt"/>
        <line num="16" count="2" type="stmt"/>
        <line num="17" count="2" type="stmt"/>
        <line num="18" count="2" type="stmt"/>
        <line num="21" count="2" type="cond" truecount="2" falsecount="0"/>
        <line num="22" count="2" type="stmt"/>
        <line num="23" count="2" type="stmt"/>
        <line num="24" count="2" type="stmt"/>
        <line num="25" count="2" type="stmt"/>
        <line num="58" count="42" type="stmt"/>
        <line num="59" count="42" type="stmt"/>
        <line num="60" count="42" type="stmt"/>
        <line num="61" count="42" type="stmt"/>
        <line num="62" count="42" type="stmt"/>
        <line num="63" count="42" type="stmt"/>
        <line num="64" count="42" type="stmt"/>
        <line num="65" count="42" type="stmt"/>
        <line num="69" count="2" type="stmt"/>
        <line num="81" count="8" type="stmt"/>
        <line num="91" count="8" type="stmt"/>
        <line num="92" count="8" type="stmt"/>
        <line num="93" count="8" type="stmt"/>
        <line num="97" count="5" type="stmt"/>
        <line num="101" count="4" type="stmt"/>
        <line num="105" count="3" type="stmt"/>
        <line num="109" count="4" type="cond" truecount="2" falsecount="0"/>
        <line num="113" count="5" type="stmt"/>
        <line num="117" count="9" type="stmt"/>
        <line num="118" count="9" type="stmt"/>
        <line num="122" count="6" type="stmt"/>
      </file>
      <file name="webserviceEvent.ts" path="/Users/gunkar/Documents/Coding/Design Patterns/src/factory_method_2/events/webserviceEvent.ts">
        <metrics statements="39" coveredstatements="39" conditionals="15" coveredconditionals="15" methods="12" coveredmethods="12"/>
        <line num="3" count="2" type="stmt"/>
        <line num="5" count="2" type="cond" truecount="2" falsecount="0"/>
        <line num="6" count="2" type="stmt"/>
        <line num="7" count="2" type="stmt"/>
        <line num="8" count="2" type="stmt"/>
        <line num="9" count="2" type="stmt"/>
        <line num="10" count="2" type="stmt"/>
        <line num="11" count="2" type="stmt"/>
        <line num="12" count="2" type="stmt"/>
        <line num="15" count="2" type="cond" truecount="2" falsecount="0"/>
        <line num="16" count="2" type="stmt"/>
        <line num="17" count="2" type="stmt"/>
        <line num="18" count="2" type="stmt"/>
        <line num="19" count="2" type="stmt"/>
        <line num="22" count="2" type="cond" truecount="2" falsecount="0"/>
        <line num="23" count="2" type="stmt"/>
        <line num="24" count="2" type="stmt"/>
        <line num="25" count="2" type="stmt"/>
        <line num="26" count="2" type="stmt"/>
        <line num="58" count="72" type="stmt"/>
        <line num="59" count="72" type="stmt"/>
        <line num="60" count="72" type="stmt"/>
        <line num="61" count="72" type="stmt"/>
        <line num="62" count="72" type="stmt"/>
        <line num="63" count="72" type="stmt"/>
        <line num="64" count="72" type="stmt"/>
        <line num="65" count="72" type="stmt"/>
        <line num="69" count="2" type="stmt"/>
        <line num="81" count="6" type="stmt"/>
        <line num="91" count="6" type="stmt"/>
        <line num="92" count="6" type="stmt"/>
        <line num="93" count="6" type="stmt"/>
        <line num="97" count="14" type="cond" truecount="3" falsecount="0"/>
        <line num="101" count="14" type="cond" truecount="2" falsecount="0"/>
        <line num="105" count="14" type="cond" truecount="2" falsecount="0"/>
        <line num="109" count="6" type="stmt"/>
        <line num="113" count="7" type="cond" truecount="2" falsecount="0"/>
        <line num="117" count="11" type="stmt"/>
        <line num="118" count="11" type="stmt"/>
      </file>
      <file name="workflowEvent.ts" path="/Users/gunkar/Documents/Coding/Design Patterns/src/factory_method_2/events/workflowEvent.ts">
        <metrics statements="26" coveredstatements="26" conditionals="4" coveredconditionals="4" methods="9" coveredmethods="9"/>
        <line num="3" count="2" type="stmt"/>
        <line num="5" count="2" type="cond" truecount="2" falsecount="0"/>
        <line num="6" count="2" type="stmt"/>
        <line num="7" count="2" type="stmt"/>
        <line num="8" count="2" type="stmt"/>
        <line num="9" count="2" type="stmt"/>
        <line num="12" count="2" type="cond" truecount="2" falsecount="0"/>
        <line num="13" count="2" type="stmt"/>
        <line num="14" count="2" type="stmt"/>
        <line num="15" count="2" type="stmt"/>
        <line num="45" count="44" type="stmt"/>
        <line num="46" count="44" type="stmt"/>
        <line num="47" count="44" type="stmt"/>
        <line num="48" count="44" type="stmt"/>
        <line num="49" count="44" type="stmt"/>
        <line num="50" count="44" type="stmt"/>
        <line num="51" count="44" type="stmt"/>
        <line num="55" count="3" type="stmt"/>
        <line num="66" count="9" type="stmt"/>
        <line num="75" count="9" type="stmt"/>
        <line num="76" count="9" type="stmt"/>
        <line num="77" count="9" type="stmt"/>
        <line num="81" count="9" type="stmt"/>
        <line num="85" count="8" type="stmt"/>
        <line num="89" count="13" type="stmt"/>
        <line num="93" count="10" type="stmt"/>
      </file>
    </package>
  </project>
</coverage>
