{"/Users/gunkar/Documents/Coding/Design Patterns/src/factory_method_2/eventFactory.ts": {"path":"/Users/gunkar/Documents/Coding/Design Patterns/src/factory_method_2/eventFactory.ts","statementMap":{"0":{"start":{"line":9,"column":20},"end":{"line":13,"column":null}},"1":{"start":{"line":20,"column":26},"end":{"line":20,"column":null}},"2":{"start":{"line":22,"column":8},"end":{"line":34,"column":null}},"3":{"start":{"line":24,"column":16},"end":{"line":24,"column":null}},"4":{"start":{"line":27,"column":16},"end":{"line":27,"column":null}},"5":{"start":{"line":30,"column":16},"end":{"line":30,"column":null}},"6":{"start":{"line":33,"column":16},"end":{"line":33,"column":null}},"7":{"start":{"line":38,"column":23},"end":{"line":38,"column":null}},"8":{"start":{"line":39,"column":8},"end":{"line":39,"column":null}},"9":{"start":{"line":43,"column":8},"end":{"line":43,"column":null}},"10":{"start":{"line":43,"column":37},"end":{"line":43,"column":61}},"11":{"start":{"line":47,"column":8},"end":{"line":47,"column":null}},"12":{"start":{"line":51,"column":8},"end":{"line":51,"column":null}}},"fnMap":{"0":{"name":"(anonymous_0)","decl":{"start":{"line":19,"column":11},"end":{"line":19,"column":23}},"loc":{"start":{"line":19,"column":63},"end":{"line":35,"column":null}},"line":19},"1":{"name":"(anonymous_1)","decl":{"start":{"line":37,"column":11},"end":{"line":37,"column":31}},"loc":{"start":{"line":37,"column":52},"end":{"line":40,"column":null}},"line":37},"2":{"name":"(anonymous_2)","decl":{"start":{"line":42,"column":11},"end":{"line":42,"column":24}},"loc":{"start":{"line":42,"column":69},"end":{"line":44,"column":null}},"line":42},"3":{"name":"(anonymous_3)","decl":{"start":{"line":43,"column":27},"end":{"line":43,"column":37}},"loc":{"start":{"line":43,"column":37},"end":{"line":43,"column":61}},"line":43},"4":{"name":"(anonymous_4)","decl":{"start":{"line":46,"column":11},"end":{"line":46,"column":32}},"loc":{"start":{"line":46,"column":60},"end":{"line":48,"column":null}},"line":46},"5":{"name":"(anonymous_5)","decl":{"start":{"line":50,"column":11},"end":{"line":50,"column":46}},"loc":{"start":{"line":50,"column":46},"end":{"line":52,"column":null}},"line":50}},"branchMap":{"0":{"loc":{"start":{"line":22,"column":8},"end":{"line":34,"column":null}},"type":"switch","locations":[{"start":{"line":23,"column":12},"end":{"line":24,"column":null}},{"start":{"line":26,"column":12},"end":{"line":27,"column":null}},{"start":{"line":29,"column":12},"end":{"line":30,"column":null}},{"start":{"line":32,"column":12},"end":{"line":33,"column":null}}],"line":22}},"s":{"0":1,"1":22,"2":22,"3":7,"4":4,"5":6,"6":5,"7":6,"8":6,"9":5,"10":10,"11":9,"12":3},"f":{"0":1,"1":1,"2":1,"3":10,"4":1,"5":1},"b":{"0":[7,4,6,5]},"meta":{"lastBranch":1,"lastFunction":6,"lastStatement":13,"seen":{"s:9:20:13:Infinity":0,"f:19:11:19:23":0,"s:20:26:20:Infinity":1,"b:23:12:24:Infinity:26:12:27:Infinity:29:12:30:Infinity:32:12:33:Infinity":0,"s:22:8:34:Infinity":2,"s:24:16:24:Infinity":3,"s:27:16:27:Infinity":4,"s:30:16:30:Infinity":5,"s:33:16:33:Infinity":6,"f:37:11:37:31":1,"s:38:23:38:Infinity":7,"s:39:8:39:Infinity":8,"f:42:11:42:24":2,"s:43:8:43:Infinity":9,"f:43:27:43:37":3,"s:43:37:43:61":10,"f:46:11:46:32":4,"s:47:8:47:Infinity":11,"f:50:11:50:46":5,"s:51:8:51:Infinity":12}}}
,"/Users/gunkar/Documents/Coding/Design Patterns/src/factory_method_2/database/connections/pgConnection.ts": {"path":"/Users/gunkar/Documents/Coding/Design Patterns/src/factory_method_2/database/connections/pgConnection.ts","statementMap":{"0":{"start":{"line":5,"column":36},"end":{"line":5,"column":null}},"1":{"start":{"line":13,"column":38},"end":{"line":13,"column":null}},"2":{"start":{"line":22,"column":8},"end":{"line":28,"column":null}},"3":{"start":{"line":32,"column":8},"end":{"line":32,"column":null}},"4":{"start":{"line":33,"column":8},"end":{"line":33,"column":null}},"5":{"start":{"line":37,"column":8},"end":{"line":37,"column":null}},"6":{"start":{"line":37,"column":26},"end":{"line":37,"column":null}},"7":{"start":{"line":39,"column":8},"end":{"line":39,"column":null}},"8":{"start":{"line":40,"column":8},"end":{"line":40,"column":null}},"9":{"start":{"line":44,"column":8},"end":{"line":44,"column":null}},"10":{"start":{"line":44,"column":26},"end":{"line":44,"column":null}},"11":{"start":{"line":45,"column":26},"end":{"line":45,"column":null}},"12":{"start":{"line":46,"column":8},"end":{"line":46,"column":null}},"13":{"start":{"line":50,"column":8},"end":{"line":50,"column":null}},"14":{"start":{"line":50,"column":26},"end":{"line":50,"column":null}},"15":{"start":{"line":51,"column":26},"end":{"line":51,"column":null}},"16":{"start":{"line":52,"column":8},"end":{"line":52,"column":null}},"17":{"start":{"line":56,"column":8},"end":{"line":56,"column":null}},"18":{"start":{"line":56,"column":26},"end":{"line":56,"column":null}},"19":{"start":{"line":57,"column":23},"end":{"line":57,"column":null}},"20":{"start":{"line":58,"column":8},"end":{"line":60,"column":null}},"21":{"start":{"line":59,"column":12},"end":{"line":59,"column":null}},"22":{"start":{"line":61,"column":8},"end":{"line":61,"column":null}},"23":{"start":{"line":65,"column":8},"end":{"line":65,"column":null}},"24":{"start":{"line":65,"column":26},"end":{"line":65,"column":null}},"25":{"start":{"line":66,"column":26},"end":{"line":66,"column":null}},"26":{"start":{"line":67,"column":8},"end":{"line":67,"column":null}},"27":{"start":{"line":71,"column":8},"end":{"line":71,"column":null}},"28":{"start":{"line":71,"column":26},"end":{"line":71,"column":null}},"29":{"start":{"line":72,"column":8},"end":{"line":72,"column":null}}},"fnMap":{"0":{"name":"(anonymous_0)","decl":{"start":{"line":15,"column":4},"end":{"line":15,"column":16}},"loc":{"start":{"line":21,"column":7},"end":{"line":29,"column":null}},"line":21},"1":{"name":"(anonymous_1)","decl":{"start":{"line":31,"column":10},"end":{"line":31,"column":35}},"loc":{"start":{"line":31,"column":35},"end":{"line":34,"column":null}},"line":31},"2":{"name":"(anonymous_2)","decl":{"start":{"line":36,"column":10},"end":{"line":36,"column":38}},"loc":{"start":{"line":36,"column":38},"end":{"line":41,"column":null}},"line":36},"3":{"name":"(anonymous_3)","decl":{"start":{"line":43,"column":10},"end":{"line":43,"column":22}},"loc":{"start":{"line":43,"column":52},"end":{"line":47,"column":null}},"line":43},"4":{"name":"(anonymous_4)","decl":{"start":{"line":49,"column":10},"end":{"line":49,"column":15}},"loc":{"start":{"line":49,"column":78},"end":{"line":53,"column":null}},"line":49},"5":{"name":"(anonymous_5)","decl":{"start":{"line":55,"column":10},"end":{"line":55,"column":15}},"loc":{"start":{"line":55,"column":83},"end":{"line":62,"column":null}},"line":55},"6":{"name":"(anonymous_6)","decl":{"start":{"line":64,"column":10},"end":{"line":64,"column":17}},"loc":{"start":{"line":64,"column":92},"end":{"line":68,"column":null}},"line":64},"7":{"name":"(anonymous_7)","decl":{"start":{"line":70,"column":10},"end":{"line":70,"column":17}},"loc":{"start":{"line":70,"column":59},"end":{"line":73,"column":null}},"line":70}},"branchMap":{"0":{"loc":{"start":{"line":23,"column":18},"end":{"line":23,"column":null}},"type":"binary-expr","locations":[{"start":{"line":23,"column":18},"end":{"line":23,"column":34}},{"start":{"line":23,"column":34},"end":{"line":23,"column":null}}],"line":23},"1":{"loc":{"start":{"line":24,"column":18},"end":{"line":24,"column":null}},"type":"binary-expr","locations":[{"start":{"line":24,"column":18},"end":{"line":24,"column":34}},{"start":{"line":24,"column":34},"end":{"line":24,"column":null}}],"line":24},"2":{"loc":{"start":{"line":25,"column":22},"end":{"line":25,"column":null}},"type":"binary-expr","locations":[{"start":{"line":25,"column":22},"end":{"line":25,"column":42}},{"start":{"line":25,"column":42},"end":{"line":25,"column":null}}],"line":25},"3":{"loc":{"start":{"line":26,"column":18},"end":{"line":26,"column":null}},"type":"binary-expr","locations":[{"start":{"line":26,"column":18},"end":{"line":26,"column":34}},{"start":{"line":26,"column":34},"end":{"line":26,"column":null}}],"line":26},"4":{"loc":{"start":{"line":27,"column":22},"end":{"line":27,"column":null}},"type":"binary-expr","locations":[{"start":{"line":27,"column":22},"end":{"line":27,"column":42}},{"start":{"line":27,"column":42},"end":{"line":27,"column":null}}],"line":27},"5":{"loc":{"start":{"line":37,"column":8},"end":{"line":37,"column":null}},"type":"if","locations":[{"start":{"line":37,"column":8},"end":{"line":37,"column":null}},{"start":{},"end":{}}],"line":37},"6":{"loc":{"start":{"line":44,"column":8},"end":{"line":44,"column":null}},"type":"if","locations":[{"start":{"line":44,"column":8},"end":{"line":44,"column":null}},{"start":{},"end":{}}],"line":44},"7":{"loc":{"start":{"line":50,"column":8},"end":{"line":50,"column":null}},"type":"if","locations":[{"start":{"line":50,"column":8},"end":{"line":50,"column":null}},{"start":{},"end":{}}],"line":50},"8":{"loc":{"start":{"line":56,"column":8},"end":{"line":56,"column":null}},"type":"if","locations":[{"start":{"line":56,"column":8},"end":{"line":56,"column":null}},{"start":{},"end":{}}],"line":56},"9":{"loc":{"start":{"line":58,"column":8},"end":{"line":60,"column":null}},"type":"if","locations":[{"start":{"line":58,"column":8},"end":{"line":60,"column":null}},{"start":{},"end":{}}],"line":58},"10":{"loc":{"start":{"line":65,"column":8},"end":{"line":65,"column":null}},"type":"if","locations":[{"start":{"line":65,"column":8},"end":{"line":65,"column":null}},{"start":{},"end":{}}],"line":65},"11":{"loc":{"start":{"line":71,"column":8},"end":{"line":71,"column":null}},"type":"if","locations":[{"start":{"line":71,"column":8},"end":{"line":71,"column":null}},{"start":{},"end":{}}],"line":71}},"s":{"0":35,"1":35,"2":35,"3":31,"4":31,"5":38,"6":8,"7":30,"8":30,"9":4,"10":1,"11":3,"12":3,"13":9,"14":1,"15":8,"16":8,"17":9,"18":2,"19":7,"20":7,"21":5,"22":2,"23":5,"24":1,"25":4,"26":4,"27":4,"28":1,"29":3},"f":{"0":35,"1":31,"2":38,"3":4,"4":9,"5":9,"6":5,"7":4},"b":{"0":[35,4],"1":[35,4],"2":[35,3],"3":[35,4],"4":[35,4],"5":[8,30],"6":[1,3],"7":[1,8],"8":[2,7],"9":[5,2],"10":[1,4],"11":[1,3]},"meta":{"lastBranch":12,"lastFunction":8,"lastStatement":30,"seen":{"s:5:36:5:Infinity":0,"s:13:38:13:Infinity":1,"f:15:4:15:16":0,"s:22:8:28:Infinity":2,"b:23:18:23:34:23:34:23:Infinity":0,"b:24:18:24:34:24:34:24:Infinity":1,"b:25:22:25:42:25:42:25:Infinity":2,"b:26:18:26:34:26:34:26:Infinity":3,"b:27:22:27:42:27:42:27:Infinity":4,"f:31:10:31:35":1,"s:32:8:32:Infinity":3,"s:33:8:33:Infinity":4,"f:36:10:36:38":2,"b:37:8:37:Infinity:undefined:undefined:undefined:undefined":5,"s:37:8:37:Infinity":5,"s:37:26:37:Infinity":6,"s:39:8:39:Infinity":7,"s:40:8:40:Infinity":8,"f:43:10:43:22":3,"b:44:8:44:Infinity:undefined:undefined:undefined:undefined":6,"s:44:8:44:Infinity":9,"s:44:26:44:Infinity":10,"s:45:26:45:Infinity":11,"s:46:8:46:Infinity":12,"f:49:10:49:15":4,"b:50:8:50:Infinity:undefined:undefined:undefined:undefined":7,"s:50:8:50:Infinity":13,"s:50:26:50:Infinity":14,"s:51:26:51:Infinity":15,"s:52:8:52:Infinity":16,"f:55:10:55:15":5,"b:56:8:56:Infinity:undefined:undefined:undefined:undefined":8,"s:56:8:56:Infinity":17,"s:56:26:56:Infinity":18,"s:57:23:57:Infinity":19,"b:58:8:60:Infinity:undefined:undefined:undefined:undefined":9,"s:58:8:60:Infinity":20,"s:59:12:59:Infinity":21,"s:61:8:61:Infinity":22,"f:64:10:64:17":6,"b:65:8:65:Infinity:undefined:undefined:undefined:undefined":10,"s:65:8:65:Infinity":23,"s:65:26:65:Infinity":24,"s:66:26:66:Infinity":25,"s:67:8:67:Infinity":26,"f:70:10:70:17":7,"b:71:8:71:Infinity:undefined:undefined:undefined:undefined":11,"s:71:8:71:Infinity":27,"s:71:26:71:Infinity":28,"s:72:8:72:Infinity":29}}}
,"/Users/gunkar/Documents/Coding/Design Patterns/src/factory_method_2/database/connections/sqliteConnection.ts": {"path":"/Users/gunkar/Documents/Coding/Design Patterns/src/factory_method_2/database/connections/sqliteConnection.ts","statementMap":{"0":{"start":{"line":5,"column":42},"end":{"line":5,"column":null}},"1":{"start":{"line":7,"column":38},"end":{"line":7,"column":null}},"2":{"start":{"line":10,"column":8},"end":{"line":10,"column":null}},"3":{"start":{"line":14,"column":8},"end":{"line":22,"column":null}},"4":{"start":{"line":15,"column":12},"end":{"line":21,"column":null}},"5":{"start":{"line":16,"column":16},"end":{"line":20,"column":null}},"6":{"start":{"line":16,"column":25},"end":{"line":16,"column":null}},"7":{"start":{"line":18,"column":20},"end":{"line":18,"column":null}},"8":{"start":{"line":19,"column":20},"end":{"line":19,"column":null}},"9":{"start":{"line":26,"column":8},"end":{"line":26,"column":null}},"10":{"start":{"line":26,"column":22},"end":{"line":26,"column":null}},"11":{"start":{"line":28,"column":8},"end":{"line":39,"column":null}},"12":{"start":{"line":29,"column":12},"end":{"line":38,"column":null}},"13":{"start":{"line":30,"column":16},"end":{"line":37,"column":null}},"14":{"start":{"line":31,"column":20},"end":{"line":31,"column":null}},"15":{"start":{"line":32,"column":20},"end":{"line":32,"column":null}},"16":{"start":{"line":34,"column":20},"end":{"line":34,"column":null}},"17":{"start":{"line":35,"column":20},"end":{"line":35,"column":null}},"18":{"start":{"line":36,"column":20},"end":{"line":36,"column":null}},"19":{"start":{"line":43,"column":8},"end":{"line":43,"column":null}},"20":{"start":{"line":43,"column":22},"end":{"line":43,"column":null}},"21":{"start":{"line":44,"column":8},"end":{"line":50,"column":null}},"22":{"start":{"line":45,"column":30},"end":{"line":45,"column":null}},"23":{"start":{"line":46,"column":12},"end":{"line":49,"column":null}},"24":{"start":{"line":47,"column":16},"end":{"line":48,"column":null}},"25":{"start":{"line":47,"column":25},"end":{"line":47,"column":null}},"26":{"start":{"line":48,"column":21},"end":{"line":48,"column":null}},"27":{"start":{"line":54,"column":8},"end":{"line":54,"column":null}},"28":{"start":{"line":54,"column":22},"end":{"line":54,"column":null}},"29":{"start":{"line":55,"column":8},"end":{"line":61,"column":null}},"30":{"start":{"line":56,"column":30},"end":{"line":56,"column":null}},"31":{"start":{"line":57,"column":12},"end":{"line":60,"column":null}},"32":{"start":{"line":58,"column":16},"end":{"line":59,"column":null}},"33":{"start":{"line":58,"column":25},"end":{"line":58,"column":null}},"34":{"start":{"line":59,"column":21},"end":{"line":59,"column":null}},"35":{"start":{"line":65,"column":8},"end":{"line":65,"column":null}},"36":{"start":{"line":65,"column":22},"end":{"line":65,"column":null}},"37":{"start":{"line":66,"column":8},"end":{"line":76,"column":null}},"38":{"start":{"line":67,"column":30},"end":{"line":67,"column":null}},"39":{"start":{"line":68,"column":12},"end":{"line":75,"column":null}},"40":{"start":{"line":69,"column":16},"end":{"line":74,"column":null}},"41":{"start":{"line":69,"column":25},"end":{"line":69,"column":null}},"42":{"start":{"line":69,"column":35},"end":{"line":74,"column":null}},"43":{"start":{"line":71,"column":20},"end":{"line":71,"column":null}},"44":{"start":{"line":73,"column":20},"end":{"line":73,"column":null}},"45":{"start":{"line":80,"column":8},"end":{"line":80,"column":null}},"46":{"start":{"line":80,"column":22},"end":{"line":80,"column":null}},"47":{"start":{"line":81,"column":8},"end":{"line":90,"column":null}},"48":{"start":{"line":82,"column":30},"end":{"line":82,"column":null}},"49":{"start":{"line":83,"column":12},"end":{"line":89,"column":null}},"50":{"start":{"line":84,"column":16},"end":{"line":88,"column":null}},"51":{"start":{"line":84,"column":25},"end":{"line":84,"column":null}},"52":{"start":{"line":86,"column":20},"end":{"line":86,"column":null}},"53":{"start":{"line":87,"column":20},"end":{"line":87,"column":null}},"54":{"start":{"line":94,"column":8},"end":{"line":94,"column":null}},"55":{"start":{"line":94,"column":22},"end":{"line":94,"column":null}},"56":{"start":{"line":95,"column":8},"end":{"line":104,"column":null}},"57":{"start":{"line":96,"column":30},"end":{"line":96,"column":null}},"58":{"start":{"line":97,"column":12},"end":{"line":103,"column":null}},"59":{"start":{"line":98,"column":16},"end":{"line":102,"column":null}},"60":{"start":{"line":98,"column":25},"end":{"line":98,"column":null}},"61":{"start":{"line":100,"column":20},"end":{"line":100,"column":null}},"62":{"start":{"line":101,"column":20},"end":{"line":101,"column":null}}},"fnMap":{"0":{"name":"(anonymous_0)","decl":{"start":{"line":9,"column":4},"end":{"line":9,"column":16}},"loc":{"start":{"line":9,"column":48},"end":{"line":11,"column":null}},"line":9},"1":{"name":"(anonymous_1)","decl":{"start":{"line":13,"column":10},"end":{"line":13,"column":35}},"loc":{"start":{"line":13,"column":35},"end":{"line":23,"column":null}},"line":13},"2":{"name":"(anonymous_2)","decl":{"start":{"line":14,"column":27},"end":{"line":14,"column":28}},"loc":{"start":{"line":14,"column":48},"end":{"line":22,"column":9}},"line":14},"3":{"name":"(anonymous_3)","decl":{"start":{"line":15,"column":56},"end":{"line":15,"column":57}},"loc":{"start":{"line":15,"column":65},"end":{"line":21,"column":13}},"line":15},"4":{"name":"(anonymous_4)","decl":{"start":{"line":25,"column":10},"end":{"line":25,"column":38}},"loc":{"start":{"line":25,"column":38},"end":{"line":40,"column":null}},"line":25},"5":{"name":"(anonymous_5)","decl":{"start":{"line":28,"column":27},"end":{"line":28,"column":28}},"loc":{"start":{"line":28,"column":48},"end":{"line":39,"column":9}},"line":28},"6":{"name":"(anonymous_6)","decl":{"start":{"line":29,"column":27},"end":{"line":29,"column":28}},"loc":{"start":{"line":29,"column":36},"end":{"line":38,"column":13}},"line":29},"7":{"name":"(anonymous_7)","decl":{"start":{"line":42,"column":10},"end":{"line":42,"column":22}},"loc":{"start":{"line":42,"column":52},"end":{"line":51,"column":null}},"line":42},"8":{"name":"(anonymous_8)","decl":{"start":{"line":44,"column":27},"end":{"line":44,"column":28}},"loc":{"start":{"line":44,"column":48},"end":{"line":50,"column":9}},"line":44},"9":{"name":"(anonymous_9)","decl":{"start":{"line":46,"column":36},"end":{"line":46,"column":37}},"loc":{"start":{"line":46,"column":45},"end":{"line":49,"column":13}},"line":46},"10":{"name":"(anonymous_10)","decl":{"start":{"line":53,"column":10},"end":{"line":53,"column":15}},"loc":{"start":{"line":53,"column":78},"end":{"line":62,"column":null}},"line":53},"11":{"name":"(anonymous_11)","decl":{"start":{"line":55,"column":27},"end":{"line":55,"column":28}},"loc":{"start":{"line":55,"column":48},"end":{"line":61,"column":9}},"line":55},"12":{"name":"(anonymous_12)","decl":{"start":{"line":57,"column":73},"end":{"line":57,"column":74}},"loc":{"start":{"line":57,"column":82},"end":{"line":60,"column":13}},"line":57},"13":{"name":"(anonymous_13)","decl":{"start":{"line":64,"column":10},"end":{"line":64,"column":15}},"loc":{"start":{"line":64,"column":83},"end":{"line":77,"column":null}},"line":64},"14":{"name":"(anonymous_14)","decl":{"start":{"line":66,"column":27},"end":{"line":66,"column":28}},"loc":{"start":{"line":66,"column":48},"end":{"line":76,"column":9}},"line":66},"15":{"name":"(anonymous_15)","decl":{"start":{"line":68,"column":42},"end":{"line":68,"column":43}},"loc":{"start":{"line":68,"column":93},"end":{"line":75,"column":13}},"line":68},"16":{"name":"(anonymous_16)","decl":{"start":{"line":79,"column":10},"end":{"line":79,"column":17}},"loc":{"start":{"line":79,"column":92},"end":{"line":91,"column":null}},"line":79},"17":{"name":"(anonymous_17)","decl":{"start":{"line":81,"column":27},"end":{"line":81,"column":28}},"loc":{"start":{"line":81,"column":48},"end":{"line":90,"column":9}},"line":81},"18":{"name":"(anonymous_18)","decl":{"start":{"line":83,"column":66},"end":{"line":83,"column":67}},"loc":{"start":{"line":83,"column":75},"end":{"line":89,"column":13}},"line":83},"19":{"name":"(anonymous_19)","decl":{"start":{"line":93,"column":10},"end":{"line":93,"column":17}},"loc":{"start":{"line":93,"column":59},"end":{"line":105,"column":null}},"line":93},"20":{"name":"(anonymous_20)","decl":{"start":{"line":95,"column":27},"end":{"line":95,"column":28}},"loc":{"start":{"line":95,"column":48},"end":{"line":104,"column":9}},"line":95},"21":{"name":"(anonymous_21)","decl":{"start":{"line":97,"column":42},"end":{"line":97,"column":43}},"loc":{"start":{"line":97,"column":51},"end":{"line":103,"column":13}},"line":97}},"branchMap":{"0":{"loc":{"start":{"line":9,"column":16},"end":{"line":9,"column":48}},"type":"default-arg","locations":[{"start":{"line":9,"column":33},"end":{"line":9,"column":48}}],"line":9},"1":{"loc":{"start":{"line":16,"column":16},"end":{"line":20,"column":null}},"type":"if","locations":[{"start":{"line":16,"column":16},"end":{"line":20,"column":null}},{"start":{"line":17,"column":21},"end":{"line":20,"column":null}}],"line":16},"2":{"loc":{"start":{"line":26,"column":8},"end":{"line":26,"column":null}},"type":"if","locations":[{"start":{"line":26,"column":8},"end":{"line":26,"column":null}},{"start":{},"end":{}}],"line":26},"3":{"loc":{"start":{"line":30,"column":16},"end":{"line":37,"column":null}},"type":"if","locations":[{"start":{"line":30,"column":16},"end":{"line":37,"column":null}},{"start":{"line":33,"column":23},"end":{"line":37,"column":null}}],"line":30},"4":{"loc":{"start":{"line":43,"column":8},"end":{"line":43,"column":null}},"type":"if","locations":[{"start":{"line":43,"column":8},"end":{"line":43,"column":null}},{"start":{},"end":{}}],"line":43},"5":{"loc":{"start":{"line":47,"column":16},"end":{"line":48,"column":null}},"type":"if","locations":[{"start":{"line":47,"column":16},"end":{"line":48,"column":null}},{"start":{"line":48,"column":21},"end":{"line":48,"column":null}}],"line":47},"6":{"loc":{"start":{"line":54,"column":8},"end":{"line":54,"column":null}},"type":"if","locations":[{"start":{"line":54,"column":8},"end":{"line":54,"column":null}},{"start":{},"end":{}}],"line":54},"7":{"loc":{"start":{"line":58,"column":16},"end":{"line":59,"column":null}},"type":"if","locations":[{"start":{"line":58,"column":16},"end":{"line":59,"column":null}},{"start":{"line":59,"column":21},"end":{"line":59,"column":null}}],"line":58},"8":{"loc":{"start":{"line":65,"column":8},"end":{"line":65,"column":null}},"type":"if","locations":[{"start":{"line":65,"column":8},"end":{"line":65,"column":null}},{"start":{},"end":{}}],"line":65},"9":{"loc":{"start":{"line":69,"column":16},"end":{"line":74,"column":null}},"type":"if","locations":[{"start":{"line":69,"column":16},"end":{"line":74,"column":null}},{"start":{"line":69,"column":35},"end":{"line":74,"column":null}}],"line":69},"10":{"loc":{"start":{"line":69,"column":35},"end":{"line":74,"column":null}},"type":"if","locations":[{"start":{"line":69,"column":35},"end":{"line":74,"column":null}},{"start":{"line":72,"column":23},"end":{"line":74,"column":null}}],"line":69},"11":{"loc":{"start":{"line":80,"column":8},"end":{"line":80,"column":null}},"type":"if","locations":[{"start":{"line":80,"column":8},"end":{"line":80,"column":null}},{"start":{},"end":{}}],"line":80},"12":{"loc":{"start":{"line":84,"column":16},"end":{"line":88,"column":null}},"type":"if","locations":[{"start":{"line":84,"column":16},"end":{"line":88,"column":null}},{"start":{"line":85,"column":21},"end":{"line":88,"column":null}}],"line":84},"13":{"loc":{"start":{"line":94,"column":8},"end":{"line":94,"column":null}},"type":"if","locations":[{"start":{"line":94,"column":8},"end":{"line":94,"column":null}},{"start":{},"end":{}}],"line":94},"14":{"loc":{"start":{"line":98,"column":16},"end":{"line":102,"column":null}},"type":"if","locations":[{"start":{"line":98,"column":16},"end":{"line":102,"column":null}},{"start":{"line":99,"column":21},"end":{"line":102,"column":null}}],"line":98}},"s":{"0":32,"1":32,"2":32,"3":31,"4":31,"5":31,"6":0,"7":31,"8":31,"9":38,"10":7,"11":31,"12":31,"13":31,"14":0,"15":0,"16":31,"17":31,"18":31,"19":30,"20":1,"21":29,"22":29,"23":29,"24":29,"25":0,"26":29,"27":31,"28":1,"29":30,"30":30,"31":30,"32":30,"33":1,"34":29,"35":30,"36":1,"37":29,"38":29,"39":29,"40":29,"41":0,"42":29,"43":24,"44":5,"45":5,"46":1,"47":4,"48":4,"49":4,"50":4,"51":0,"52":4,"53":4,"54":4,"55":1,"56":3,"57":3,"58":3,"59":3,"60":0,"61":3,"62":3},"f":{"0":32,"1":31,"2":31,"3":31,"4":38,"5":31,"6":31,"7":30,"8":29,"9":29,"10":31,"11":30,"12":30,"13":30,"14":29,"15":29,"16":5,"17":4,"18":4,"19":4,"20":3,"21":3},"b":{"0":[32],"1":[0,31],"2":[7,31],"3":[0,31],"4":[1,29],"5":[0,29],"6":[1,30],"7":[1,29],"8":[1,29],"9":[0,29],"10":[24,5],"11":[1,4],"12":[0,4],"13":[1,3],"14":[0,3]},"meta":{"lastBranch":15,"lastFunction":22,"lastStatement":63,"seen":{"s:5:42:5:Infinity":0,"s:7:38:7:Infinity":1,"f:9:4:9:16":0,"b:9:33:9:48":0,"s:10:8:10:Infinity":2,"f:13:10:13:35":1,"s:14:8:22:Infinity":3,"f:14:27:14:28":2,"s:15:12:21:Infinity":4,"f:15:56:15:57":3,"b:16:16:20:Infinity:17:21:20:Infinity":1,"s:16:16:20:Infinity":5,"s:16:25:16:Infinity":6,"s:18:20:18:Infinity":7,"s:19:20:19:Infinity":8,"f:25:10:25:38":4,"b:26:8:26:Infinity:undefined:undefined:undefined:undefined":2,"s:26:8:26:Infinity":9,"s:26:22:26:Infinity":10,"s:28:8:39:Infinity":11,"f:28:27:28:28":5,"s:29:12:38:Infinity":12,"f:29:27:29:28":6,"b:30:16:37:Infinity:33:23:37:Infinity":3,"s:30:16:37:Infinity":13,"s:31:20:31:Infinity":14,"s:32:20:32:Infinity":15,"s:34:20:34:Infinity":16,"s:35:20:35:Infinity":17,"s:36:20:36:Infinity":18,"f:42:10:42:22":7,"b:43:8:43:Infinity:undefined:undefined:undefined:undefined":4,"s:43:8:43:Infinity":19,"s:43:22:43:Infinity":20,"s:44:8:50:Infinity":21,"f:44:27:44:28":8,"s:45:30:45:Infinity":22,"s:46:12:49:Infinity":23,"f:46:36:46:37":9,"b:47:16:48:Infinity:48:21:48:Infinity":5,"s:47:16:48:Infinity":24,"s:47:25:47:Infinity":25,"s:48:21:48:Infinity":26,"f:53:10:53:15":10,"b:54:8:54:Infinity:undefined:undefined:undefined:undefined":6,"s:54:8:54:Infinity":27,"s:54:22:54:Infinity":28,"s:55:8:61:Infinity":29,"f:55:27:55:28":11,"s:56:30:56:Infinity":30,"s:57:12:60:Infinity":31,"f:57:73:57:74":12,"b:58:16:59:Infinity:59:21:59:Infinity":7,"s:58:16:59:Infinity":32,"s:58:25:58:Infinity":33,"s:59:21:59:Infinity":34,"f:64:10:64:15":13,"b:65:8:65:Infinity:undefined:undefined:undefined:undefined":8,"s:65:8:65:Infinity":35,"s:65:22:65:Infinity":36,"s:66:8:76:Infinity":37,"f:66:27:66:28":14,"s:67:30:67:Infinity":38,"s:68:12:75:Infinity":39,"f:68:42:68:43":15,"b:69:16:74:Infinity:69:35:74:Infinity":9,"s:69:16:74:Infinity":40,"s:69:25:69:Infinity":41,"b:69:35:74:Infinity:72:23:74:Infinity":10,"s:69:35:74:Infinity":42,"s:71:20:71:Infinity":43,"s:73:20:73:Infinity":44,"f:79:10:79:17":16,"b:80:8:80:Infinity:undefined:undefined:undefined:undefined":11,"s:80:8:80:Infinity":45,"s:80:22:80:Infinity":46,"s:81:8:90:Infinity":47,"f:81:27:81:28":17,"s:82:30:82:Infinity":48,"s:83:12:89:Infinity":49,"f:83:66:83:67":18,"b:84:16:88:Infinity:85:21:88:Infinity":12,"s:84:16:88:Infinity":50,"s:84:25:84:Infinity":51,"s:86:20:86:Infinity":52,"s:87:20:87:Infinity":53,"f:93:10:93:17":19,"b:94:8:94:Infinity:undefined:undefined:undefined:undefined":13,"s:94:8:94:Infinity":54,"s:94:22:94:Infinity":55,"s:95:8:104:Infinity":56,"f:95:27:95:28":20,"s:96:30:96:Infinity":57,"s:97:12:103:Infinity":58,"f:97:42:97:43":21,"b:98:16:102:Infinity:99:21:102:Infinity":14,"s:98:16:102:Infinity":59,"s:98:25:98:Infinity":60,"s:100:20:100:Infinity":61,"s:101:20:101:Infinity":62}}}
,"/Users/gunkar/Documents/Coding/Design Patterns/src/factory_method_2/events/event.ts": {"path":"/Users/gunkar/Documents/Coding/Design Patterns/src/factory_method_2/events/event.ts","statementMap":{"0":{"start":{"line":8,"column":8},"end":{"line":8,"column":null}},"1":{"start":{"line":9,"column":8},"end":{"line":9,"column":null}},"2":{"start":{"line":10,"column":8},"end":{"line":10,"column":null}},"3":{"start":{"line":11,"column":8},"end":{"line":11,"column":null}},"4":{"start":{"line":15,"column":8},"end":{"line":15,"column":null}},"5":{"start":{"line":19,"column":8},"end":{"line":25,"column":null}},"6":{"start":{"line":29,"column":21},"end":{"line":29,"column":null}},"7":{"start":{"line":30,"column":8},"end":{"line":30,"column":null}},"8":{"start":{"line":34,"column":8},"end":{"line":40,"column":null}},"9":{"start":{"line":45,"column":8},"end":{"line":45,"column":null}}},"fnMap":{"0":{"name":"(anonymous_0)","decl":{"start":{"line":7,"column":4},"end":{"line":7,"column":16}},"loc":{"start":{"line":7,"column":42},"end":{"line":12,"column":null}},"line":7},"1":{"name":"(anonymous_1)","decl":{"start":{"line":14,"column":14},"end":{"line":14,"column":61}},"loc":{"start":{"line":14,"column":61},"end":{"line":16,"column":null}},"line":14},"2":{"name":"(anonymous_2)","decl":{"start":{"line":18,"column":4},"end":{"line":18,"column":21}},"loc":{"start":{"line":18,"column":21},"end":{"line":26,"column":null}},"line":18},"3":{"name":"(anonymous_3)","decl":{"start":{"line":28,"column":11},"end":{"line":28,"column":20}},"loc":{"start":{"line":28,"column":41},"end":{"line":31,"column":null}},"line":28},"4":{"name":"(anonymous_4)","decl":{"start":{"line":33,"column":4},"end":{"line":33,"column":40}},"loc":{"start":{"line":33,"column":40},"end":{"line":41,"column":null}},"line":33},"5":{"name":"(anonymous_5)","decl":{"start":{"line":44,"column":11},"end":{"line":44,"column":22}},"loc":{"start":{"line":44,"column":63},"end":{"line":46,"column":null}},"line":44}},"branchMap":{},"s":{"0":179,"1":179,"2":179,"3":179,"4":7,"5":7,"6":4,"7":4,"8":10,"9":1},"f":{"0":179,"1":7,"2":7,"3":179,"4":10,"5":179},"b":{},"meta":{"lastBranch":0,"lastFunction":6,"lastStatement":10,"seen":{"f:7:4:7:16":0,"s:8:8:8:Infinity":0,"s:9:8:9:Infinity":1,"s:10:8:10:Infinity":2,"s:11:8:11:Infinity":3,"f:14:14:14:61":1,"s:15:8:15:Infinity":4,"f:18:4:18:21":2,"s:19:8:25:Infinity":5,"f:28:11:28:20":3,"s:29:21:29:Infinity":6,"s:30:8:30:Infinity":7,"f:33:4:33:40":4,"s:34:8:40:Infinity":8,"f:44:11:44:22":5,"s:45:8:45:Infinity":9}}}
,"/Users/gunkar/Documents/Coding/Design Patterns/src/factory_method_2/events/testEvent.ts": {"path":"/Users/gunkar/Documents/Coding/Design Patterns/src/factory_method_2/events/testEvent.ts","statementMap":{"0":{"start":{"line":3,"column":19},"end":{"line":3,"column":null}},"1":{"start":{"line":5,"column":0},"end":{"line":5,"column":null}},"2":{"start":{"line":6,"column":4},"end":{"line":6,"column":null}},"3":{"start":{"line":7,"column":4},"end":{"line":7,"column":null}},"4":{"start":{"line":8,"column":4},"end":{"line":8,"column":null}},"5":{"start":{"line":9,"column":4},"end":{"line":9,"column":null}},"6":{"start":{"line":10,"column":4},"end":{"line":10,"column":null}},"7":{"start":{"line":5,"column":5},"end":{"line":5,"column":null}},"8":{"start":{"line":13,"column":0},"end":{"line":13,"column":null}},"9":{"start":{"line":14,"column":4},"end":{"line":14,"column":null}},"10":{"start":{"line":15,"column":4},"end":{"line":15,"column":null}},"11":{"start":{"line":16,"column":4},"end":{"line":16,"column":null}},"12":{"start":{"line":17,"column":4},"end":{"line":17,"column":null}},"13":{"start":{"line":18,"column":4},"end":{"line":18,"column":null}},"14":{"start":{"line":13,"column":5},"end":{"line":13,"column":null}},"15":{"start":{"line":21,"column":0},"end":{"line":21,"column":null}},"16":{"start":{"line":22,"column":4},"end":{"line":22,"column":null}},"17":{"start":{"line":23,"column":4},"end":{"line":23,"column":null}},"18":{"start":{"line":24,"column":4},"end":{"line":24,"column":null}},"19":{"start":{"line":25,"column":4},"end":{"line":25,"column":null}},"20":{"start":{"line":21,"column":5},"end":{"line":21,"column":null}},"21":{"start":{"line":58,"column":8},"end":{"line":58,"column":null}},"22":{"start":{"line":59,"column":8},"end":{"line":59,"column":null}},"23":{"start":{"line":60,"column":8},"end":{"line":60,"column":null}},"24":{"start":{"line":61,"column":8},"end":{"line":61,"column":null}},"25":{"start":{"line":62,"column":8},"end":{"line":62,"column":null}},"26":{"start":{"line":63,"column":8},"end":{"line":63,"column":null}},"27":{"start":{"line":64,"column":8},"end":{"line":64,"column":null}},"28":{"start":{"line":65,"column":8},"end":{"line":65,"column":null}},"29":{"start":{"line":69,"column":8},"end":{"line":77,"column":null}},"30":{"start":{"line":81,"column":22},"end":{"line":90,"column":null}},"31":{"start":{"line":91,"column":8},"end":{"line":91,"column":null}},"32":{"start":{"line":92,"column":8},"end":{"line":92,"column":null}},"33":{"start":{"line":93,"column":8},"end":{"line":93,"column":null}},"34":{"start":{"line":97,"column":8},"end":{"line":97,"column":null}},"35":{"start":{"line":101,"column":8},"end":{"line":101,"column":null}},"36":{"start":{"line":105,"column":8},"end":{"line":105,"column":null}},"37":{"start":{"line":109,"column":8},"end":{"line":109,"column":null}},"38":{"start":{"line":113,"column":8},"end":{"line":113,"column":null}},"39":{"start":{"line":117,"column":34},"end":{"line":117,"column":null}},"40":{"start":{"line":118,"column":8},"end":{"line":118,"column":null}},"41":{"start":{"line":122,"column":8},"end":{"line":122,"column":null}}},"fnMap":{"0":{"name":"(anonymous_0)","decl":{"start":{"line":5,"column":0},"end":{"line":5,"column":5}},"loc":{"start":{"line":5,"column":0},"end":{"line":5,"column":null}},"line":5},"1":{"name":"(anonymous_1)","decl":{"start":{"line":13,"column":0},"end":{"line":13,"column":5}},"loc":{"start":{"line":13,"column":0},"end":{"line":13,"column":null}},"line":13},"2":{"name":"(anonymous_2)","decl":{"start":{"line":21,"column":0},"end":{"line":21,"column":5}},"loc":{"start":{"line":21,"column":0},"end":{"line":21,"column":null}},"line":21},"3":{"name":"(anonymous_3)","decl":{"start":{"line":48,"column":4},"end":{"line":48,"column":null}},"loc":{"start":{"line":57,"column":6},"end":{"line":66,"column":null}},"line":57},"4":{"name":"(anonymous_4)","decl":{"start":{"line":68,"column":23},"end":{"line":68,"column":70}},"loc":{"start":{"line":68,"column":70},"end":{"line":78,"column":null}},"line":68},"5":{"name":"(anonymous_5)","decl":{"start":{"line":80,"column":20},"end":{"line":80,"column":31}},"loc":{"start":{"line":80,"column":75},"end":{"line":94,"column":null}},"line":80},"6":{"name":"(anonymous_6)","decl":{"start":{"line":96,"column":4},"end":{"line":96,"column":24}},"loc":{"start":{"line":96,"column":24},"end":{"line":98,"column":null}},"line":96},"7":{"name":"(anonymous_7)","decl":{"start":{"line":100,"column":4},"end":{"line":100,"column":24}},"loc":{"start":{"line":100,"column":24},"end":{"line":102,"column":null}},"line":100},"8":{"name":"(anonymous_8)","decl":{"start":{"line":104,"column":4},"end":{"line":104,"column":25}},"loc":{"start":{"line":104,"column":25},"end":{"line":106,"column":null}},"line":104},"9":{"name":"(anonymous_9)","decl":{"start":{"line":108,"column":4},"end":{"line":108,"column":23}},"loc":{"start":{"line":108,"column":23},"end":{"line":110,"column":null}},"line":108},"10":{"name":"(anonymous_10)","decl":{"start":{"line":112,"column":4},"end":{"line":112,"column":26}},"loc":{"start":{"line":112,"column":26},"end":{"line":114,"column":null}},"line":112},"11":{"name":"(anonymous_11)","decl":{"start":{"line":116,"column":4},"end":{"line":116,"column":22}},"loc":{"start":{"line":116,"column":22},"end":{"line":119,"column":null}},"line":116},"12":{"name":"(anonymous_12)","decl":{"start":{"line":121,"column":4},"end":{"line":121,"column":11}},"loc":{"start":{"line":121,"column":33},"end":{"line":123,"column":null}},"line":121}},"branchMap":{"0":{"loc":{"start":{"line":5,"column":5},"end":{"line":5,"column":null}},"type":"binary-expr","locations":[{"start":{"line":5,"column":5},"end":{"line":5,"column":null}},{"start":{"line":5,"column":5},"end":{"line":5,"column":null}}],"line":5},"1":{"loc":{"start":{"line":13,"column":5},"end":{"line":13,"column":null}},"type":"binary-expr","locations":[{"start":{"line":13,"column":5},"end":{"line":13,"column":null}},{"start":{"line":13,"column":5},"end":{"line":13,"column":null}}],"line":13},"2":{"loc":{"start":{"line":21,"column":5},"end":{"line":21,"column":null}},"type":"binary-expr","locations":[{"start":{"line":21,"column":5},"end":{"line":21,"column":null}},{"start":{"line":21,"column":5},"end":{"line":21,"column":null}}],"line":21},"3":{"loc":{"start":{"line":109,"column":15},"end":{"line":109,"column":null}},"type":"binary-expr","locations":[{"start":{"line":109,"column":15},"end":{"line":109,"column":51}},{"start":{"line":109,"column":51},"end":{"line":109,"column":null}}],"line":109}},"s":{"0":2,"1":2,"2":2,"3":2,"4":2,"5":2,"6":2,"7":2,"8":2,"9":2,"10":2,"11":2,"12":2,"13":2,"14":2,"15":2,"16":2,"17":2,"18":2,"19":2,"20":2,"21":42,"22":42,"23":42,"24":42,"25":42,"26":42,"27":42,"28":42,"29":2,"30":8,"31":8,"32":8,"33":8,"34":5,"35":4,"36":3,"37":4,"38":5,"39":9,"40":9,"41":6},"f":{"0":2,"1":2,"2":2,"3":42,"4":2,"5":42,"6":5,"7":4,"8":3,"9":4,"10":5,"11":9,"12":6},"b":{"0":[2,2],"1":[2,2],"2":[2,2],"3":[4,2]},"meta":{"lastBranch":4,"lastFunction":13,"lastStatement":42,"seen":{"s:3:19:3:Infinity":0,"s:5:0:5:Infinity":1,"f:5:0:5:5":0,"s:6:4:6:Infinity":2,"s:7:4:7:Infinity":3,"s:8:4:8:Infinity":4,"s:9:4:9:Infinity":5,"s:10:4:10:Infinity":6,"s:5:5:5:Infinity":7,"b:5:5:5:Infinity:5:5:5:Infinity":0,"s:13:0:13:Infinity":8,"f:13:0:13:5":1,"s:14:4:14:Infinity":9,"s:15:4:15:Infinity":10,"s:16:4:16:Infinity":11,"s:17:4:17:Infinity":12,"s:18:4:18:Infinity":13,"s:13:5:13:Infinity":14,"b:13:5:13:Infinity:13:5:13:Infinity":1,"s:21:0:21:Infinity":15,"f:21:0:21:5":2,"s:22:4:22:Infinity":16,"s:23:4:23:Infinity":17,"s:24:4:24:Infinity":18,"s:25:4:25:Infinity":19,"s:21:5:21:Infinity":20,"b:21:5:21:Infinity:21:5:21:Infinity":2,"f:48:4:48:Infinity":3,"s:58:8:58:Infinity":21,"s:59:8:59:Infinity":22,"s:60:8:60:Infinity":23,"s:61:8:61:Infinity":24,"s:62:8:62:Infinity":25,"s:63:8:63:Infinity":26,"s:64:8:64:Infinity":27,"s:65:8:65:Infinity":28,"f:68:23:68:70":4,"s:69:8:77:Infinity":29,"f:80:20:80:31":5,"s:81:22:90:Infinity":30,"s:91:8:91:Infinity":31,"s:92:8:92:Infinity":32,"s:93:8:93:Infinity":33,"f:96:4:96:24":6,"s:97:8:97:Infinity":34,"f:100:4:100:24":7,"s:101:8:101:Infinity":35,"f:104:4:104:25":8,"s:105:8:105:Infinity":36,"f:108:4:108:23":9,"s:109:8:109:Infinity":37,"b:109:15:109:51:109:51:109:Infinity":3,"f:112:4:112:26":10,"s:113:8:113:Infinity":38,"f:116:4:116:22":11,"s:117:34:117:Infinity":39,"s:118:8:118:Infinity":40,"f:121:4:121:11":12,"s:122:8:122:Infinity":41}}}
,"/Users/gunkar/Documents/Coding/Design Patterns/src/factory_method_2/events/webserviceEvent.ts": {"path":"/Users/gunkar/Documents/Coding/Design Patterns/src/factory_method_2/events/webserviceEvent.ts","statementMap":{"0":{"start":{"line":3,"column":19},"end":{"line":3,"column":null}},"1":{"start":{"line":5,"column":0},"end":{"line":5,"column":null}},"2":{"start":{"line":6,"column":4},"end":{"line":6,"column":null}},"3":{"start":{"line":7,"column":4},"end":{"line":7,"column":null}},"4":{"start":{"line":8,"column":4},"end":{"line":8,"column":null}},"5":{"start":{"line":9,"column":4},"end":{"line":9,"column":null}},"6":{"start":{"line":10,"column":4},"end":{"line":10,"column":null}},"7":{"start":{"line":11,"column":4},"end":{"line":11,"column":null}},"8":{"start":{"line":12,"column":4},"end":{"line":12,"column":null}},"9":{"start":{"line":5,"column":5},"end":{"line":5,"column":null}},"10":{"start":{"line":15,"column":0},"end":{"line":15,"column":null}},"11":{"start":{"line":16,"column":4},"end":{"line":16,"column":null}},"12":{"start":{"line":17,"column":4},"end":{"line":17,"column":null}},"13":{"start":{"line":18,"column":4},"end":{"line":18,"column":null}},"14":{"start":{"line":19,"column":4},"end":{"line":19,"column":null}},"15":{"start":{"line":15,"column":5},"end":{"line":15,"column":null}},"16":{"start":{"line":22,"column":0},"end":{"line":22,"column":null}},"17":{"start":{"line":23,"column":4},"end":{"line":23,"column":null}},"18":{"start":{"line":24,"column":4},"end":{"line":24,"column":null}},"19":{"start":{"line":25,"column":4},"end":{"line":25,"column":null}},"20":{"start":{"line":26,"column":4},"end":{"line":26,"column":null}},"21":{"start":{"line":22,"column":5},"end":{"line":22,"column":null}},"22":{"start":{"line":58,"column":8},"end":{"line":58,"column":null}},"23":{"start":{"line":59,"column":8},"end":{"line":59,"column":null}},"24":{"start":{"line":60,"column":8},"end":{"line":60,"column":null}},"25":{"start":{"line":61,"column":8},"end":{"line":61,"column":null}},"26":{"start":{"line":62,"column":8},"end":{"line":62,"column":null}},"27":{"start":{"line":63,"column":8},"end":{"line":63,"column":null}},"28":{"start":{"line":64,"column":8},"end":{"line":64,"column":null}},"29":{"start":{"line":65,"column":8},"end":{"line":65,"column":null}},"30":{"start":{"line":69,"column":8},"end":{"line":77,"column":null}},"31":{"start":{"line":81,"column":22},"end":{"line":90,"column":null}},"32":{"start":{"line":91,"column":8},"end":{"line":91,"column":null}},"33":{"start":{"line":92,"column":8},"end":{"line":92,"column":null}},"34":{"start":{"line":93,"column":8},"end":{"line":93,"column":null}},"35":{"start":{"line":97,"column":8},"end":{"line":97,"column":null}},"36":{"start":{"line":101,"column":8},"end":{"line":101,"column":null}},"37":{"start":{"line":105,"column":8},"end":{"line":105,"column":null}},"38":{"start":{"line":109,"column":8},"end":{"line":109,"column":null}},"39":{"start":{"line":113,"column":8},"end":{"line":113,"column":null}},"40":{"start":{"line":117,"column":34},"end":{"line":117,"column":null}},"41":{"start":{"line":118,"column":8},"end":{"line":118,"column":null}}},"fnMap":{"0":{"name":"(anonymous_0)","decl":{"start":{"line":5,"column":0},"end":{"line":5,"column":5}},"loc":{"start":{"line":5,"column":0},"end":{"line":5,"column":null}},"line":5},"1":{"name":"(anonymous_1)","decl":{"start":{"line":15,"column":0},"end":{"line":15,"column":5}},"loc":{"start":{"line":15,"column":0},"end":{"line":15,"column":null}},"line":15},"2":{"name":"(anonymous_2)","decl":{"start":{"line":22,"column":0},"end":{"line":22,"column":5}},"loc":{"start":{"line":22,"column":0},"end":{"line":22,"column":null}},"line":22},"3":{"name":"(anonymous_3)","decl":{"start":{"line":48,"column":4},"end":{"line":48,"column":null}},"loc":{"start":{"line":57,"column":6},"end":{"line":66,"column":null}},"line":57},"4":{"name":"(anonymous_4)","decl":{"start":{"line":68,"column":23},"end":{"line":68,"column":70}},"loc":{"start":{"line":68,"column":70},"end":{"line":78,"column":null}},"line":68},"5":{"name":"(anonymous_5)","decl":{"start":{"line":80,"column":20},"end":{"line":80,"column":31}},"loc":{"start":{"line":80,"column":81},"end":{"line":94,"column":null}},"line":80},"6":{"name":"(anonymous_6)","decl":{"start":{"line":96,"column":4},"end":{"line":96,"column":28}},"loc":{"start":{"line":96,"column":28},"end":{"line":98,"column":null}},"line":96},"7":{"name":"(anonymous_7)","decl":{"start":{"line":100,"column":4},"end":{"line":100,"column":29}},"loc":{"start":{"line":100,"column":29},"end":{"line":102,"column":null}},"line":100},"8":{"name":"(anonymous_8)","decl":{"start":{"line":104,"column":4},"end":{"line":104,"column":29}},"loc":{"start":{"line":104,"column":29},"end":{"line":106,"column":null}},"line":104},"9":{"name":"(anonymous_9)","decl":{"start":{"line":108,"column":4},"end":{"line":108,"column":27}},"loc":{"start":{"line":108,"column":27},"end":{"line":110,"column":null}},"line":108},"10":{"name":"(anonymous_10)","decl":{"start":{"line":112,"column":4},"end":{"line":112,"column":26}},"loc":{"start":{"line":112,"column":26},"end":{"line":114,"column":null}},"line":112},"11":{"name":"(anonymous_11)","decl":{"start":{"line":116,"column":4},"end":{"line":116,"column":30}},"loc":{"start":{"line":116,"column":30},"end":{"line":119,"column":null}},"line":116}},"branchMap":{"0":{"loc":{"start":{"line":5,"column":5},"end":{"line":5,"column":null}},"type":"binary-expr","locations":[{"start":{"line":5,"column":5},"end":{"line":5,"column":null}},{"start":{"line":5,"column":5},"end":{"line":5,"column":null}}],"line":5},"1":{"loc":{"start":{"line":15,"column":5},"end":{"line":15,"column":null}},"type":"binary-expr","locations":[{"start":{"line":15,"column":5},"end":{"line":15,"column":null}},{"start":{"line":15,"column":5},"end":{"line":15,"column":null}}],"line":15},"2":{"loc":{"start":{"line":22,"column":5},"end":{"line":22,"column":null}},"type":"binary-expr","locations":[{"start":{"line":22,"column":5},"end":{"line":22,"column":null}},{"start":{"line":22,"column":5},"end":{"line":22,"column":null}}],"line":22},"3":{"loc":{"start":{"line":97,"column":15},"end":{"line":97,"column":null}},"type":"binary-expr","locations":[{"start":{"line":97,"column":15},"end":{"line":97,"column":59}},{"start":{"line":97,"column":59},"end":{"line":97,"column":85}},{"start":{"line":97,"column":85},"end":{"line":97,"column":null}}],"line":97},"4":{"loc":{"start":{"line":101,"column":15},"end":{"line":101,"column":null}},"type":"binary-expr","locations":[{"start":{"line":101,"column":15},"end":{"line":101,"column":41}},{"start":{"line":101,"column":41},"end":{"line":101,"column":null}}],"line":101},"5":{"loc":{"start":{"line":105,"column":15},"end":{"line":105,"column":null}},"type":"binary-expr","locations":[{"start":{"line":105,"column":15},"end":{"line":105,"column":41}},{"start":{"line":105,"column":41},"end":{"line":105,"column":null}}],"line":105},"6":{"loc":{"start":{"line":113,"column":15},"end":{"line":113,"column":null}},"type":"binary-expr","locations":[{"start":{"line":113,"column":15},"end":{"line":113,"column":57}},{"start":{"line":113,"column":57},"end":{"line":113,"column":null}}],"line":113}},"s":{"0":2,"1":2,"2":2,"3":2,"4":2,"5":2,"6":2,"7":2,"8":2,"9":2,"10":2,"11":2,"12":2,"13":2,"14":2,"15":2,"16":2,"17":2,"18":2,"19":2,"20":2,"21":2,"22":72,"23":72,"24":72,"25":72,"26":72,"27":72,"28":72,"29":72,"30":2,"31":6,"32":6,"33":6,"34":6,"35":14,"36":14,"37":14,"38":6,"39":7,"40":11,"41":11},"f":{"0":2,"1":2,"2":2,"3":72,"4":2,"5":72,"6":14,"7":14,"8":14,"9":6,"10":7,"11":11},"b":{"0":[2,2],"1":[2,2],"2":[2,2],"3":[14,9,8],"4":[14,10],"5":[14,9],"6":[7,5]},"meta":{"lastBranch":7,"lastFunction":12,"lastStatement":42,"seen":{"s:3:19:3:Infinity":0,"s:5:0:5:Infinity":1,"f:5:0:5:5":0,"s:6:4:6:Infinity":2,"s:7:4:7:Infinity":3,"s:8:4:8:Infinity":4,"s:9:4:9:Infinity":5,"s:10:4:10:Infinity":6,"s:11:4:11:Infinity":7,"s:12:4:12:Infinity":8,"s:5:5:5:Infinity":9,"b:5:5:5:Infinity:5:5:5:Infinity":0,"s:15:0:15:Infinity":10,"f:15:0:15:5":1,"s:16:4:16:Infinity":11,"s:17:4:17:Infinity":12,"s:18:4:18:Infinity":13,"s:19:4:19:Infinity":14,"s:15:5:15:Infinity":15,"b:15:5:15:Infinity:15:5:15:Infinity":1,"s:22:0:22:Infinity":16,"f:22:0:22:5":2,"s:23:4:23:Infinity":17,"s:24:4:24:Infinity":18,"s:25:4:25:Infinity":19,"s:26:4:26:Infinity":20,"s:22:5:22:Infinity":21,"b:22:5:22:Infinity:22:5:22:Infinity":2,"f:48:4:48:Infinity":3,"s:58:8:58:Infinity":22,"s:59:8:59:Infinity":23,"s:60:8:60:Infinity":24,"s:61:8:61:Infinity":25,"s:62:8:62:Infinity":26,"s:63:8:63:Infinity":27,"s:64:8:64:Infinity":28,"s:65:8:65:Infinity":29,"f:68:23:68:70":4,"s:69:8:77:Infinity":30,"f:80:20:80:31":5,"s:81:22:90:Infinity":31,"s:91:8:91:Infinity":32,"s:92:8:92:Infinity":33,"s:93:8:93:Infinity":34,"f:96:4:96:28":6,"s:97:8:97:Infinity":35,"b:97:15:97:59:97:59:97:85:97:85:97:Infinity":3,"f:100:4:100:29":7,"s:101:8:101:Infinity":36,"b:101:15:101:41:101:41:101:Infinity":4,"f:104:4:104:29":8,"s:105:8:105:Infinity":37,"b:105:15:105:41:105:41:105:Infinity":5,"f:108:4:108:27":9,"s:109:8:109:Infinity":38,"f:112:4:112:26":10,"s:113:8:113:Infinity":39,"b:113:15:113:57:113:57:113:Infinity":6,"f:116:4:116:30":11,"s:117:34:117:Infinity":40,"s:118:8:118:Infinity":41}}}
,"/Users/gunkar/Documents/Coding/Design Patterns/src/factory_method_2/events/workflowEvent.ts": {"path":"/Users/gunkar/Documents/Coding/Design Patterns/src/factory_method_2/events/workflowEvent.ts","statementMap":{"0":{"start":{"line":3,"column":19},"end":{"line":3,"column":null}},"1":{"start":{"line":5,"column":0},"end":{"line":5,"column":null}},"2":{"start":{"line":6,"column":4},"end":{"line":6,"column":null}},"3":{"start":{"line":7,"column":4},"end":{"line":7,"column":null}},"4":{"start":{"line":8,"column":4},"end":{"line":8,"column":null}},"5":{"start":{"line":9,"column":4},"end":{"line":9,"column":null}},"6":{"start":{"line":5,"column":5},"end":{"line":5,"column":null}},"7":{"start":{"line":12,"column":0},"end":{"line":12,"column":null}},"8":{"start":{"line":13,"column":4},"end":{"line":13,"column":null}},"9":{"start":{"line":14,"column":4},"end":{"line":14,"column":null}},"10":{"start":{"line":15,"column":4},"end":{"line":15,"column":null}},"11":{"start":{"line":12,"column":5},"end":{"line":12,"column":null}},"12":{"start":{"line":45,"column":8},"end":{"line":45,"column":null}},"13":{"start":{"line":46,"column":8},"end":{"line":46,"column":null}},"14":{"start":{"line":47,"column":8},"end":{"line":47,"column":null}},"15":{"start":{"line":48,"column":8},"end":{"line":48,"column":null}},"16":{"start":{"line":49,"column":8},"end":{"line":49,"column":null}},"17":{"start":{"line":50,"column":8},"end":{"line":50,"column":null}},"18":{"start":{"line":51,"column":8},"end":{"line":51,"column":null}},"19":{"start":{"line":55,"column":8},"end":{"line":62,"column":null}},"20":{"start":{"line":66,"column":22},"end":{"line":74,"column":null}},"21":{"start":{"line":75,"column":8},"end":{"line":75,"column":null}},"22":{"start":{"line":76,"column":8},"end":{"line":76,"column":null}},"23":{"start":{"line":77,"column":8},"end":{"line":77,"column":null}},"24":{"start":{"line":81,"column":8},"end":{"line":81,"column":null}},"25":{"start":{"line":85,"column":8},"end":{"line":85,"column":null}},"26":{"start":{"line":89,"column":8},"end":{"line":89,"column":null}},"27":{"start":{"line":93,"column":8},"end":{"line":93,"column":null}}},"fnMap":{"0":{"name":"(anonymous_0)","decl":{"start":{"line":5,"column":0},"end":{"line":5,"column":5}},"loc":{"start":{"line":5,"column":0},"end":{"line":5,"column":null}},"line":5},"1":{"name":"(anonymous_1)","decl":{"start":{"line":12,"column":0},"end":{"line":12,"column":5}},"loc":{"start":{"line":12,"column":0},"end":{"line":12,"column":null}},"line":12},"2":{"name":"(anonymous_2)","decl":{"start":{"line":36,"column":4},"end":{"line":36,"column":null}},"loc":{"start":{"line":44,"column":6},"end":{"line":52,"column":null}},"line":44},"3":{"name":"(anonymous_3)","decl":{"start":{"line":54,"column":23},"end":{"line":54,"column":70}},"loc":{"start":{"line":54,"column":70},"end":{"line":63,"column":null}},"line":54},"4":{"name":"(anonymous_4)","decl":{"start":{"line":65,"column":20},"end":{"line":65,"column":31}},"loc":{"start":{"line":65,"column":79},"end":{"line":78,"column":null}},"line":65},"5":{"name":"(anonymous_5)","decl":{"start":{"line":80,"column":4},"end":{"line":80,"column":27}},"loc":{"start":{"line":80,"column":27},"end":{"line":82,"column":null}},"line":80},"6":{"name":"(anonymous_6)","decl":{"start":{"line":84,"column":4},"end":{"line":84,"column":24}},"loc":{"start":{"line":84,"column":24},"end":{"line":86,"column":null}},"line":84},"7":{"name":"(anonymous_7)","decl":{"start":{"line":88,"column":4},"end":{"line":88,"column":26}},"loc":{"start":{"line":88,"column":26},"end":{"line":90,"column":null}},"line":88},"8":{"name":"(anonymous_8)","decl":{"start":{"line":92,"column":4},"end":{"line":92,"column":30}},"loc":{"start":{"line":92,"column":30},"end":{"line":94,"column":null}},"line":92}},"branchMap":{"0":{"loc":{"start":{"line":5,"column":5},"end":{"line":5,"column":null}},"type":"binary-expr","locations":[{"start":{"line":5,"column":5},"end":{"line":5,"column":null}},{"start":{"line":5,"column":5},"end":{"line":5,"column":null}}],"line":5},"1":{"loc":{"start":{"line":12,"column":5},"end":{"line":12,"column":null}},"type":"binary-expr","locations":[{"start":{"line":12,"column":5},"end":{"line":12,"column":null}},{"start":{"line":12,"column":5},"end":{"line":12,"column":null}}],"line":12}},"s":{"0":2,"1":2,"2":2,"3":2,"4":2,"5":2,"6":2,"7":2,"8":2,"9":2,"10":2,"11":2,"12":44,"13":44,"14":44,"15":44,"16":44,"17":44,"18":44,"19":3,"20":9,"21":9,"22":9,"23":9,"24":9,"25":8,"26":13,"27":10},"f":{"0":2,"1":2,"2":44,"3":3,"4":44,"5":9,"6":8,"7":13,"8":10},"b":{"0":[2,2],"1":[2,2]},"meta":{"lastBranch":2,"lastFunction":9,"lastStatement":28,"seen":{"s:3:19:3:Infinity":0,"s:5:0:5:Infinity":1,"f:5:0:5:5":0,"s:6:4:6:Infinity":2,"s:7:4:7:Infinity":3,"s:8:4:8:Infinity":4,"s:9:4:9:Infinity":5,"s:5:5:5:Infinity":6,"b:5:5:5:Infinity:5:5:5:Infinity":0,"s:12:0:12:Infinity":7,"f:12:0:12:5":1,"s:13:4:13:Infinity":8,"s:14:4:14:Infinity":9,"s:15:4:15:Infinity":10,"s:12:5:12:Infinity":11,"b:12:5:12:Infinity:12:5:12:Infinity":1,"f:36:4:36:Infinity":2,"s:45:8:45:Infinity":12,"s:46:8:46:Infinity":13,"s:47:8:47:Infinity":14,"s:48:8:48:Infinity":15,"s:49:8:49:Infinity":16,"s:50:8:50:Infinity":17,"s:51:8:51:Infinity":18,"f:54:23:54:70":3,"s:55:8:62:Infinity":19,"f:65:20:65:31":4,"s:66:22:74:Infinity":20,"s:75:8:75:Infinity":21,"s:76:8:76:Infinity":22,"s:77:8:77:Infinity":23,"f:80:4:80:27":5,"s:81:8:81:Infinity":24,"f:84:4:84:24":6,"s:85:8:85:Infinity":25,"f:88:4:88:26":7,"s:89:8:89:Infinity":26,"f:92:4:92:30":8,"s:93:8:93:Infinity":27}}}
}
