{"/Users/gunkar/Documents/Coding/Design Patterns/src/factory_method_2/events/event.ts": {"path":"/Users/gunkar/Documents/Coding/Design Patterns/src/factory_method_2/events/event.ts","statementMap":{"0":{"start":{"line":8,"column":8},"end":{"line":8,"column":null}},"1":{"start":{"line":9,"column":8},"end":{"line":9,"column":null}},"2":{"start":{"line":10,"column":8},"end":{"line":10,"column":null}},"3":{"start":{"line":11,"column":8},"end":{"line":11,"column":null}},"4":{"start":{"line":15,"column":8},"end":{"line":15,"column":null}},"5":{"start":{"line":19,"column":8},"end":{"line":25,"column":null}},"6":{"start":{"line":29,"column":21},"end":{"line":29,"column":null}},"7":{"start":{"line":30,"column":8},"end":{"line":30,"column":null}},"8":{"start":{"line":34,"column":8},"end":{"line":40,"column":null}},"9":{"start":{"line":45,"column":8},"end":{"line":45,"column":null}}},"fnMap":{"0":{"name":"(anonymous_0)","decl":{"start":{"line":7,"column":4},"end":{"line":7,"column":16}},"loc":{"start":{"line":7,"column":42},"end":{"line":12,"column":null}},"line":7},"1":{"name":"(anonymous_1)","decl":{"start":{"line":14,"column":14},"end":{"line":14,"column":61}},"loc":{"start":{"line":14,"column":61},"end":{"line":16,"column":null}},"line":14},"2":{"name":"(anonymous_2)","decl":{"start":{"line":18,"column":4},"end":{"line":18,"column":21}},"loc":{"start":{"line":18,"column":21},"end":{"line":26,"column":null}},"line":18},"3":{"name":"(anonymous_3)","decl":{"start":{"line":28,"column":11},"end":{"line":28,"column":20}},"loc":{"start":{"line":28,"column":41},"end":{"line":31,"column":null}},"line":28},"4":{"name":"(anonymous_4)","decl":{"start":{"line":33,"column":4},"end":{"line":33,"column":40}},"loc":{"start":{"line":33,"column":40},"end":{"line":41,"column":null}},"line":33},"5":{"name":"(anonymous_5)","decl":{"start":{"line":44,"column":11},"end":{"line":44,"column":22}},"loc":{"start":{"line":44,"column":63},"end":{"line":46,"column":null}},"line":44}},"branchMap":{},"s":{"0":21,"1":21,"2":21,"3":21,"4":7,"5":6,"6":4,"7":4,"8":4,"9":1},"f":{"0":21,"1":7,"2":6,"3":21,"4":4,"5":21},"b":{},"meta":{"lastBranch":0,"lastFunction":6,"lastStatement":10,"seen":{"f:7:4:7:16":0,"s:8:8:8:Infinity":0,"s:9:8:9:Infinity":1,"s:10:8:10:Infinity":2,"s:11:8:11:Infinity":3,"f:14:14:14:61":1,"s:15:8:15:Infinity":4,"f:18:4:18:21":2,"s:19:8:25:Infinity":5,"f:28:11:28:20":3,"s:29:21:29:Infinity":6,"s:30:8:30:Infinity":7,"f:33:4:33:40":4,"s:34:8:40:Infinity":8,"f:44:11:44:22":5,"s:45:8:45:Infinity":9}}}
}
